<?xml version="1.0" encoding="UTF-8"?>
<testsuite xmlns:xsi="http://www.w3.org/2001/XMLSchema-instance" xsi:noNamespaceSchemaLocation="https://maven.apache.org/surefire/maven-surefire-plugin/xsd/surefire-test-report.xsd" name="aleusers.service.UserServiceTest" time="0.048" tests="12" errors="0" skipped="0" failures="0">
  <properties>
[...]
</properties>
  <testcase name="getAllUsersShouldCallUserRepositoryFindAll" classname="aleusers.service.UserServiceTest" time="0"/>
  <testcase name="getAllUsersShouldReturnUserRepositoryFindAllResult" classname="aleusers.service.UserServiceTest" time="0"/>
  <testcase name="getUserShouldReturnUserRepositoryFindByIdResult" classname="aleusers.service.UserServiceTest" time="0"/>
  <testcase name="getCSVUserReturnsCSVFormatForUser" classname="aleusers.service.UserServiceTest" time="0"/>
  <testcase name="getCsvUsersShouldReturnEmptyStringIfNoUsers" classname="aleusers.service.UserServiceTest" time="0"/>
  <testcase name="createUserCallsQueueServiceAddToQueueWithGivenParameters" classname="aleusers.service.UserServiceTest" time="0.003"/>
  <testcase name="getUserShouldCallUserRepositoryFindByIdWithGivenParameters" classname="aleusers.service.UserServiceTest" time="0.005"/>
  <testcase name="getCsvUsersShouldReturnCSVFormatOfAllUsers" classname="aleusers.service.UserServiceTest" time="0.004"/>
  <testcase name="getUserShouldIllegalArgumentExceptionIfUserDoesNotExists" classname="aleusers.service.UserServiceTest" time="0.006"/>
  <testcase name="getUserShouldCallUserRepositoryExistsByIdWithGivenParameters" classname="aleusers.service.UserServiceTest" time="0.005"/>
  <testcase name="createUserShouldReturnSuccessMessage" classname="aleusers.service.UserServiceTest" time="0.003"/>
  <testcase name="getCSVUserReturnsErrorMessageIfUserNotFound" classname="aleusers.service.UserServiceTest" time="0.004"/>
</testsuite>